<?xml version="1.0" encoding="UTF-8"?>
<!-- Generated by org.testng.reporters.JUnitReportReporter -->
<testsuite skipped="0" hostname="DevDiego" name="PingTests" tests="1" failures="0" timestamp="04 Nov 2020 05:36:24 GMT" time="4.952" errors="0">
  <testcase name="Ping_Tests" time="4.952" classname="PingTests"/>
</testsuite> <!-- PingTests -->
