<?xml version="1.0" encoding="UTF-8"?>
<!-- Generated by org.testng.reporters.JUnitReportReporter -->
<testsuite skipped="0" hostname="DevDiego" name="PingTests" tests="1" failures="0" timestamp="04 Nov 2020 05:57:46 GMT" time="5.085" errors="0">
  <testcase name="Ping_Tests" time="5.085" classname="PingTests"/>
</testsuite> <!-- PingTests -->
