<?xml version="1.0" encoding="UTF-8"?>
<!-- Generated by org.testng.reporters.JUnitReportReporter -->
<testsuite skipped="0" hostname="DevDiego" name="PingTests" tests="4" failures="0" timestamp="05 Nov 2020 05:15:20 GMT" time="6.447" errors="0">
  <testcase name="updateName_Tests" time="0.587" classname="PingTests"/>
  <testcase name="sameName_Tests" time="0.786" classname="PingTests"/>
  <testcase name="Status_Tests" time="3.954" classname="PingTests"/>
  <testcase name="randomName_Tests" time="1.120" classname="PingTests"/>
</testsuite> <!-- PingTests -->
