<?xml version="1.0" encoding="UTF-8"?>
<!-- Generated by org.testng.reporters.JUnitReportReporter -->
<testsuite skipped="0" hostname="DevDiego" name="PingTests" tests="4" failures="0" timestamp="06 Nov 2020 21:20:32 GMT" time="6.165" errors="0">
  <testcase name="randomName_Tests" time="0.589" classname="PingTests"/>
  <testcase name="sameName_Tests" time="0.809" classname="PingTests"/>
  <testcase name="updateName_Tests" time="0.990" classname="PingTests"/>
  <testcase name="Status_Tests" time="3.777" classname="PingTests"/>
</testsuite> <!-- PingTests -->
