<?xml version="1.0" encoding="UTF-8"?>
<!-- Generated by org.testng.reporters.JUnitReportReporter -->
<testsuite skipped="0" hostname="DevDiego" name="PingTests" tests="1" failures="0" timestamp="04 Nov 2020 14:24:31 GMT" time="12.505" errors="0">
  <testcase name="Ping_Tests" time="12.505" classname="PingTests"/>
</testsuite> <!-- PingTests -->
